<?xml version="1.0" encoding="UTF-8"?>
<testng-results ignored="0" total="1" passed="1" failed="0" skipped="0">
  <reporter-output>
  </reporter-output>
  <suite started-at="2024-03-25T23:24:29 EDT" name="Default suite" finished-at="2024-03-25T23:24:32 EDT" duration-ms="2645">
    <groups>
    </groups>
    <test started-at="2024-03-25T23:24:29 EDT" name="Default test" finished-at="2024-03-25T23:24:32 EDT" duration-ms="2645">
      <class name="radiobuttonhandling.SelectRadioButtonDynamic">
        <test-method is-config="true" signature="startChromeBrowser()[pri:0, instance:radiobuttonhandling.SelectRadioButtonDynamic@273444fe]" started-at="2024-03-25T23:24:24 EDT" name="startChromeBrowser" finished-at="2024-03-25T23:24:29 EDT" duration-ms="5144" status="PASS">
          <reporter-output>
          </reporter-output>
        </test-method> <!-- startChromeBrowser -->
        <test-method is-config="true" signature="openUrl()[pri:0, instance:radiobuttonhandling.SelectRadioButtonDynamic@273444fe]" started-at="2024-03-25T23:24:29 EDT" name="openUrl" finished-at="2024-03-25T23:24:32 EDT" duration-ms="2267" status="PASS">
          <reporter-output>
          </reporter-output>
        </test-method> <!-- openUrl -->
        <test-method signature="radioButton()[pri:0, instance:radiobuttonhandling.SelectRadioButtonDynamic@273444fe]" started-at="2024-03-25T23:24:32 EDT" name="radioButton" finished-at="2024-03-25T23:24:32 EDT" duration-ms="298" status="PASS">
          <reporter-output>
          </reporter-output>
        </test-method> <!-- radioButton -->
        <test-method is-config="true" signature="closeChromeBrowser()[pri:0, instance:radiobuttonhandling.SelectRadioButtonDynamic@273444fe]" started-at="2024-03-25T23:24:32 EDT" name="closeChromeBrowser" finished-at="2024-03-25T23:24:32 EDT" duration-ms="198" status="PASS">
          <reporter-output>
          </reporter-output>
        </test-method> <!-- closeChromeBrowser -->
      </class> <!-- radiobuttonhandling.SelectRadioButtonDynamic -->
    </test> <!-- Default test -->
  </suite> <!-- Default suite -->
</testng-results>
